[2024-03-26 10:47:58,141: INFO: main: Hello welcome]
[2024-03-26 13:07:56,524: INFO: common: yaml file: config\config.yaml loaded successfully]
[2024-03-26 13:07:56,533: INFO: common: yaml file: params.yaml loaded successfully]
[2024-03-26 13:12:44,340: INFO: common: yaml file: config\config.yaml loaded successfully]
[2024-03-26 13:12:44,340: INFO: common: yaml file: params.yaml loaded successfully]
[2024-03-26 13:20:15,191: INFO: common: yaml file: config\config.yaml loaded successfully]
[2024-03-26 13:20:15,197: INFO: common: yaml file: params.yaml loaded successfully]
[2024-03-26 13:21:12,318: INFO: common: yaml file: config\config.yaml loaded successfully]
[2024-03-26 13:21:12,335: INFO: common: yaml file: params.yaml loaded successfully]
[2024-03-26 13:21:12,341: INFO: common: created directory at: artifacts]
[2024-03-26 13:21:12,344: INFO: common: created directory at: artifacts/data_ingestion]
[2024-03-26 13:27:16,232: INFO: common: yaml file: config\config.yaml loaded successfully]
[2024-03-26 13:27:16,234: INFO: common: yaml file: params.yaml loaded successfully]
[2024-03-26 13:27:16,235: INFO: common: created directory at: artifacts]
[2024-03-26 13:27:16,236: INFO: common: created directory at: artifacts/data_ingestion]
[2024-03-26 13:34:24,542: INFO: common: yaml file: config\config.yaml loaded successfully]
[2024-03-26 13:34:24,544: INFO: common: yaml file: params.yaml loaded successfully]
[2024-03-26 13:34:24,546: INFO: common: created directory at: artifacts]
[2024-03-26 13:34:24,547: INFO: common: created directory at: artifacts/data_ingestion]
[2024-03-26 13:38:56,163: INFO: common: yaml file: config\config.yaml loaded successfully]
[2024-03-26 13:38:56,165: INFO: common: yaml file: params.yaml loaded successfully]
[2024-03-26 13:38:56,168: INFO: common: created directory at: artifacts]
[2024-03-26 13:38:56,172: INFO: common: created directory at: artifacts/data_ingestion]
[2024-03-26 13:39:01,634: INFO: 3351880409: artifacts/data_ingestion/data.zip download! with following info: 
Connection: close
Content-Length: 11616915
Cache-Control: max-age=300
Content-Security-Policy: default-src 'none'; style-src 'unsafe-inline'; sandbox
Content-Type: application/zip
ETag: "adf745abc03891fe493c3be264ec012691fe3fa21d861f35a27edbe6d86a76b1"
Strict-Transport-Security: max-age=31536000
X-Content-Type-Options: nosniff
X-Frame-Options: deny
X-XSS-Protection: 1; mode=block
X-GitHub-Request-Id: A1F2:0E0E:3F2AC9E:4216E11:6602C1E2
Accept-Ranges: bytes
Date: Tue, 26 Mar 2024 12:38:59 GMT
Via: 1.1 varnish
X-Served-By: cache-mrs10557-MRS
X-Cache: MISS
X-Cache-Hits: 0
X-Timer: S1711456739.004640,VS0,VE845
Vary: Authorization,Accept-Encoding,Origin
Access-Control-Allow-Origin: *
Cross-Origin-Resource-Policy: cross-origin
X-Fastly-Request-ID: c4859691f17077e8ad0007bf10289009ebc0d689
Expires: Tue, 26 Mar 2024 12:43:59 GMT
Source-Age: 1

]
[2024-03-26 14:12:16,595: INFO: common: yaml file: config\config.yaml loaded successfully]
[2024-03-26 14:12:16,596: INFO: common: yaml file: params.yaml loaded successfully]
[2024-03-26 14:12:16,598: INFO: common: created directory at: artifacts]
[2024-03-26 14:12:16,599: INFO: common: created directory at: artifacts/data_ingestion]
[2024-03-26 14:12:17,360: INFO: 3351880409: artifacts/data_ingestion/data.zip download! with following info: 
Server: GitHub.com
Date: Tue, 26 Mar 2024 13:12:19 GMT
Content-Type: text/html; charset=utf-8
Vary: X-PJAX, X-PJAX-Container, Turbo-Visit, Turbo-Frame, Accept-Encoding, Accept, X-Requested-With
ETag: W/"3bf87a8dc77a76aa76d549e55cb41f7e"
Cache-Control: max-age=0, private, must-revalidate
Strict-Transport-Security: max-age=31536000; includeSubdomains; preload
X-Frame-Options: deny
X-Content-Type-Options: nosniff
X-XSS-Protection: 0
Referrer-Policy: no-referrer-when-downgrade
Content-Security-Policy: default-src 'none'; base-uri 'self'; child-src github.com/assets-cdn/worker/ gist.github.com/assets-cdn/worker/; connect-src 'self' uploads.github.com www.githubstatus.com collector.github.com raw.githubusercontent.com api.github.com github-cloud.s3.amazonaws.com github-production-repository-file-5c1aeb.s3.amazonaws.com github-production-upload-manifest-file-7fdce7.s3.amazonaws.com github-production-user-asset-6210df.s3.amazonaws.com api.githubcopilot.com objects-origin.githubusercontent.com *.actions.githubusercontent.com wss://*.actions.githubusercontent.com productionresultssa0.blob.core.windows.net/ productionresultssa1.blob.core.windows.net/ productionresultssa2.blob.core.windows.net/ productionresultssa3.blob.core.windows.net/ productionresultssa4.blob.core.windows.net/ productionresultssa5.blob.core.windows.net/ productionresultssa6.blob.core.windows.net/ productionresultssa7.blob.core.windows.net/ productionresultssa8.blob.core.windows.net/ productionresultssa9.blob.core.windows.net/ productionresultssa10.blob.core.windows.net/ productionresultssa11.blob.core.windows.net/ productionresultssa12.blob.core.windows.net/ productionresultssa13.blob.core.windows.net/ productionresultssa14.blob.core.windows.net/ productionresultssa15.blob.core.windows.net/ productionresultssa16.blob.core.windows.net/ productionresultssa17.blob.core.windows.net/ productionresultssa18.blob.core.windows.net/ productionresultssa19.blob.core.windows.net/ github-production-repository-image-32fea6.s3.amazonaws.com github-production-release-asset-2e65be.s3.amazonaws.com insights.github.com wss://alive.github.com; font-src github.githubassets.com; form-action 'self' github.com gist.github.com objects-origin.githubusercontent.com; frame-ancestors 'none'; frame-src viewscreen.githubusercontent.com notebooks.githubusercontent.com; img-src 'self' data: github.githubassets.com media.githubusercontent.com camo.githubusercontent.com identicons.github.com avatars.githubusercontent.com github-cloud.s3.amazonaws.com objects.githubusercontent.com secured-user-images.githubusercontent.com/ user-images.githubusercontent.com/ private-user-images.githubusercontent.com opengraph.githubassets.com github-production-user-asset-6210df.s3.amazonaws.com customer-stories-feed.github.com spotlights-feed.github.com objects-origin.githubusercontent.com *.githubusercontent.com; manifest-src 'self'; media-src github.com user-images.githubusercontent.com/ secured-user-images.githubusercontent.com/ private-user-images.githubusercontent.com github-production-user-asset-6210df.s3.amazonaws.com gist.github.com; script-src github.githubassets.com; style-src 'unsafe-inline' github.githubassets.com; upgrade-insecure-requests; worker-src github.com/assets-cdn/worker/ gist.github.com/assets-cdn/worker/
Set-Cookie: _gh_sess=MHHe2sFVIsryC2Go42cq6gbFVXSvCBxne9QwHeNu3HNcd7TaYsNYYAY%2Bb3sM8vv0PqLKBM7Vrrv5ZlcKsXQS%2F%2B2kQALqqRn3cISFbS9T%2BNwDctYq9qq7ujQLyenPguxh2SAQOdJZCiSpSo%2FU4jOdhAcgeq8LSTGE%2FDjmKoCUIPl7HLbfTsJBEu8T0X9vW3ZsN3%2BYzJyVr5VRrSsiAOgKrPd85Cf%2F2sVOCocCvwYaV9qU%2B6CfGcGCxqOc85M5X5Cc9fj%2FaMZ0aypkRWXPFGDGOQ%3D%3D--7A6KodAK4C8afp8z--wMLM3QyR3B5KY10u6965fQ%3D%3D; Path=/; HttpOnly; Secure; SameSite=Lax
Set-Cookie: _octo=GH1.1.656529891.1711458739; Path=/; Domain=github.com; Expires=Wed, 26 Mar 2025 13:12:19 GMT; Secure; SameSite=Lax
Set-Cookie: logged_in=no; Path=/; Domain=github.com; Expires=Wed, 26 Mar 2025 13:12:19 GMT; HttpOnly; Secure; SameSite=Lax
Accept-Ranges: bytes
Transfer-Encoding: chunked
X-GitHub-Request-Id: 6F88:285356:644127D:6559759:6602C9B3
connection: close

]
[2024-03-26 14:18:10,934: INFO: common: yaml file: config\config.yaml loaded successfully]
[2024-03-26 14:18:10,936: INFO: common: yaml file: params.yaml loaded successfully]
[2024-03-26 14:18:10,937: INFO: common: created directory at: artifacts]
[2024-03-26 14:18:10,938: INFO: common: created directory at: artifacts/data_ingestion]
[2024-03-26 14:18:11,715: INFO: 3351880409: artifacts/data_ingestion/data.zip download! with following info: 
Server: GitHub.com
Date: Tue, 26 Mar 2024 13:18:13 GMT
Content-Type: text/html; charset=utf-8
Vary: X-PJAX, X-PJAX-Container, Turbo-Visit, Turbo-Frame, Accept-Encoding, Accept, X-Requested-With
ETag: W/"ed6e14234e068b12e30f6037c8ada076"
Cache-Control: max-age=0, private, must-revalidate
Strict-Transport-Security: max-age=31536000; includeSubdomains; preload
X-Frame-Options: deny
X-Content-Type-Options: nosniff
X-XSS-Protection: 0
Referrer-Policy: no-referrer-when-downgrade
Content-Security-Policy: default-src 'none'; base-uri 'self'; child-src github.com/assets-cdn/worker/ gist.github.com/assets-cdn/worker/; connect-src 'self' uploads.github.com www.githubstatus.com collector.github.com raw.githubusercontent.com api.github.com github-cloud.s3.amazonaws.com github-production-repository-file-5c1aeb.s3.amazonaws.com github-production-upload-manifest-file-7fdce7.s3.amazonaws.com github-production-user-asset-6210df.s3.amazonaws.com api.githubcopilot.com objects-origin.githubusercontent.com *.actions.githubusercontent.com wss://*.actions.githubusercontent.com productionresultssa0.blob.core.windows.net/ productionresultssa1.blob.core.windows.net/ productionresultssa2.blob.core.windows.net/ productionresultssa3.blob.core.windows.net/ productionresultssa4.blob.core.windows.net/ productionresultssa5.blob.core.windows.net/ productionresultssa6.blob.core.windows.net/ productionresultssa7.blob.core.windows.net/ productionresultssa8.blob.core.windows.net/ productionresultssa9.blob.core.windows.net/ productionresultssa10.blob.core.windows.net/ productionresultssa11.blob.core.windows.net/ productionresultssa12.blob.core.windows.net/ productionresultssa13.blob.core.windows.net/ productionresultssa14.blob.core.windows.net/ productionresultssa15.blob.core.windows.net/ productionresultssa16.blob.core.windows.net/ productionresultssa17.blob.core.windows.net/ productionresultssa18.blob.core.windows.net/ productionresultssa19.blob.core.windows.net/ github-production-repository-image-32fea6.s3.amazonaws.com github-production-release-asset-2e65be.s3.amazonaws.com insights.github.com wss://alive.github.com; font-src github.githubassets.com; form-action 'self' github.com gist.github.com objects-origin.githubusercontent.com; frame-ancestors 'none'; frame-src viewscreen.githubusercontent.com notebooks.githubusercontent.com; img-src 'self' data: github.githubassets.com media.githubusercontent.com camo.githubusercontent.com identicons.github.com avatars.githubusercontent.com github-cloud.s3.amazonaws.com objects.githubusercontent.com secured-user-images.githubusercontent.com/ user-images.githubusercontent.com/ private-user-images.githubusercontent.com opengraph.githubassets.com github-production-user-asset-6210df.s3.amazonaws.com customer-stories-feed.github.com spotlights-feed.github.com objects-origin.githubusercontent.com *.githubusercontent.com; manifest-src 'self'; media-src github.com user-images.githubusercontent.com/ secured-user-images.githubusercontent.com/ private-user-images.githubusercontent.com github-production-user-asset-6210df.s3.amazonaws.com gist.github.com; script-src github.githubassets.com; style-src 'unsafe-inline' github.githubassets.com; upgrade-insecure-requests; worker-src github.com/assets-cdn/worker/ gist.github.com/assets-cdn/worker/
Set-Cookie: _gh_sess=qioWydhx96%2BlwAtyjafERfiw1793EC0%2FxOf9OnJQtmdQp5W4jPDJOv27BO1GysCFwNrgxtOEcz5lB4rGqtDdZq2IdYiSbnoE0wstg5ShdtEOJyanSYxvVWq8qMUPW9%2FAc9PDotIHXqA8Z2xg6%2BZBHcqB44aBPYl%2FN1F3tuDImGxxINRq1Wqmcd9iz1xekTv0jaVixwZZTuhz6o0KT3pg5UDV26nRPmOpgEg5xYx%2Fagx8ychPmkPFmWb2sCziA2lAAsz1mDV6%2Fq2AzxCU0dOaGg%3D%3D--rMlWniElgNzh70GW--nGCESDZWXNP%2F0O8vMAnMKQ%3D%3D; Path=/; HttpOnly; Secure; SameSite=Lax
Set-Cookie: _octo=GH1.1.1214464478.1711459093; Path=/; Domain=github.com; Expires=Wed, 26 Mar 2025 13:18:13 GMT; Secure; SameSite=Lax
Set-Cookie: logged_in=no; Path=/; Domain=github.com; Expires=Wed, 26 Mar 2025 13:18:13 GMT; HttpOnly; Secure; SameSite=Lax
Accept-Ranges: bytes
Transfer-Encoding: chunked
X-GitHub-Request-Id: 4D8E:1F8965:1018C487:1041F7B6:6602CB15
connection: close

]
[2024-03-26 14:22:24,513: INFO: common: yaml file: config\config.yaml loaded successfully]
[2024-03-26 14:22:24,513: INFO: common: yaml file: params.yaml loaded successfully]
[2024-03-26 14:22:24,513: INFO: common: created directory at: artifacts]
[2024-03-26 14:22:24,513: INFO: common: created directory at: artifacts/data_ingestion]
[2024-03-26 14:22:24,513: INFO: 3351880409: File already exists of size: ~ 263 KB]
[2024-03-26 14:23:18,369: INFO: common: yaml file: config\config.yaml loaded successfully]
[2024-03-26 14:23:18,372: INFO: common: yaml file: params.yaml loaded successfully]
[2024-03-26 14:23:18,374: INFO: common: created directory at: artifacts]
[2024-03-26 14:23:18,375: INFO: common: created directory at: artifacts/data_ingestion]
[2024-03-26 14:23:18,377: INFO: 3351880409: File already exists of size: ~ 263 KB]
[2024-03-26 14:23:58,533: INFO: common: yaml file: config\config.yaml loaded successfully]
[2024-03-26 14:23:58,548: INFO: common: yaml file: params.yaml loaded successfully]
[2024-03-26 14:23:58,548: INFO: common: created directory at: artifacts]
[2024-03-26 14:23:58,548: INFO: common: created directory at: artifacts/data_ingestion]
[2024-03-26 14:24:01,000: INFO: 3351880409: artifacts/data_ingestion/data.zip download! with following info: 
Connection: close
Content-Length: 11616915
Cache-Control: max-age=300
Content-Security-Policy: default-src 'none'; style-src 'unsafe-inline'; sandbox
Content-Type: application/zip
ETag: "adf745abc03891fe493c3be264ec012691fe3fa21d861f35a27edbe6d86a76b1"
Strict-Transport-Security: max-age=31536000
X-Content-Type-Options: nosniff
X-Frame-Options: deny
X-XSS-Protection: 1; mode=block
X-GitHub-Request-Id: A1F2:0E0E:3F2AC9E:4216E11:6602C1E2
Accept-Ranges: bytes
Date: Tue, 26 Mar 2024 13:24:01 GMT
Via: 1.1 varnish
X-Served-By: cache-mrs1050093-MRS
X-Cache: HIT
X-Cache-Hits: 0
X-Timer: S1711459441.265064,VS0,VE139
Vary: Authorization,Accept-Encoding,Origin
Access-Control-Allow-Origin: *
Cross-Origin-Resource-Policy: cross-origin
X-Fastly-Request-ID: f2e0a3ab2ddd9c8aa2f983f89ab00de35de8f62a
Expires: Tue, 26 Mar 2024 13:29:01 GMT
Source-Age: 0

]
[2024-03-26 14:59:36,955: INFO: main: >>>>> stage Data Ingestion stage started <<<<<]
[2024-03-26 14:59:36,958: INFO: common: yaml file: config\config.yaml loaded successfully]
[2024-03-26 14:59:36,959: INFO: common: yaml file: params.yaml loaded successfully]
[2024-03-26 14:59:36,959: INFO: common: created directory at: artifacts]
[2024-03-26 14:59:36,959: INFO: common: created directory at: artifacts/data_ingestion]
[2024-03-26 14:59:38,975: INFO: data_ingestion: artifacts/data_ingestion/data.zip download! with following info: 
Connection: close
Content-Length: 11616915
Cache-Control: max-age=300
Content-Security-Policy: default-src 'none'; style-src 'unsafe-inline'; sandbox
Content-Type: application/zip
ETag: "adf745abc03891fe493c3be264ec012691fe3fa21d861f35a27edbe6d86a76b1"
Strict-Transport-Security: max-age=31536000
X-Content-Type-Options: nosniff
X-Frame-Options: deny
X-XSS-Protection: 1; mode=block
X-GitHub-Request-Id: A1F2:0E0E:3F2AC9E:4216E11:6602C1E2
Accept-Ranges: bytes
Date: Tue, 26 Mar 2024 13:59:39 GMT
Via: 1.1 varnish
X-Served-By: cache-mrs10527-MRS
X-Cache: HIT
X-Cache-Hits: 0
X-Timer: S1711461580.630357,VS0,VE191
Vary: Authorization,Accept-Encoding,Origin
Access-Control-Allow-Origin: *
Cross-Origin-Resource-Policy: cross-origin
X-Fastly-Request-ID: 232f80e2c3a737c36fd9a32085a4946f5dc14341
Expires: Tue, 26 Mar 2024 14:04:39 GMT
Source-Age: 0

]
[2024-03-26 14:59:39,278: INFO: main: >>>>> stage Data Ingestion stage completed <<<<<]
